#
# A fatal error has been detected by the Java Runtime Environment:
#
#  Internal Error (c:/cygwin64/tmp/openjdk-jdk11u-windows-x64-hotspot/workspace/build/src/src/hotspot/share/interpreter/interpreterRuntime.cpp:193), pid=7616, tid=7648
#  Error: guarantee(bytecode != Bytecodes::_ldc2_w) failed
#
# JRE version: OpenJDK Runtime Environment (11.0.4+11) (build 11.0.4+11)
# Java VM: OpenJDK 64-Bit Server VM (11.0.4+11, mixed mode, tiered, compressed oops, g1 gc, windows-amd64)
# No core dump will be written. Minidumps are not enabled by default on client versions of Windows
#
# If you would like to submit a bug report, please visit:
#   https://github.com/AdoptOpenJDK/openjdk-build/issues
#

---------------  S U M M A R Y ------------

Command Line: -agentlib:jdwp=transport=dt_socket,suspend=y,address=localhost:59238 -javaagent:C:\Users\Thiago\eclipse\java-2019-06\eclipse\configuration\org.eclipse.osgi\226\0\.cp\lib\javaagent-shaded.jar -Dfile.encoding=Cp1252 db.Teste

Host: Intel(R) Core(TM) i5-3230M CPU @ 2.60GHz, 4 cores, 5G,  Windows 8.1 , 64 bit Build 9600 (6.3.9600.17415)
Time: Mon Dec  2 17:19:58 2019 Hora oficial do Brasil elapsed time: 1013 seconds (0d 0h 16m 53s)

---------------  T H R E A D  ---------------

Current thread (0x0000008848a52800):  JavaThread "main" [_thread_in_vm, id=7648, stack(0x0000008848110000,0x0000008848210000)]

Stack: [0x0000008848110000,0x0000008848210000]
Native frames: (J=compiled Java code, j=interpreted, Vv=VM code, C=native code)
V  [jvm.dll+0x5d700a]
V  [jvm.dll+0x70bbce]
V  [jvm.dll+0x70d25b]
V  [jvm.dll+0x70d8d7]
V  [jvm.dll+0x23f54c]
V  [jvm.dll+0x35ee23]
C  0x0000008851069500

Java frames: (J=compiled Java code, j=interpreted, Vv=VM code)
j  db.Teste.main([Ljava/lang/String;)V+508
v  ~StubRoutines::call_stub

---------------  P R O C E S S  ---------------

Threads class SMR info:
_java_thread_list=0x0000008867348350, length=13, elements={
0x0000008848a52800, 0x00000088661bf000, 0x00000088661c7800, 0x00000088661da000,
0x00000088661dd000, 0x00000088661e6000, 0x00000088661ee800, 0x00000088661f7000,
0x00000088671a6000, 0x00000088672b0800, 0x000000886728f800, 0x0000008867290000,
0x00000088680db000
}

Java Threads: ( => current thread )
=>0x0000008848a52800 JavaThread "main" [_thread_in_vm, id=7648, stack(0x0000008848110000,0x0000008848210000)]
  0x00000088661bf000 JavaThread "Reference Handler" daemon [_thread_blocked, id=7676, stack(0x0000008866b00000,0x0000008866c00000)]
  0x00000088661c7800 JavaThread "Finalizer" daemon [_thread_blocked, id=7680, stack(0x0000008866c00000,0x0000008866d00000)]
  0x00000088661da000 JavaThread "Signal Dispatcher" daemon [_thread_blocked, id=7684, stack(0x0000008867400000,0x0000008867500000)]
  0x00000088661dd000 JavaThread "Attach Listener" daemon [_thread_blocked, id=7688, stack(0x0000008867500000,0x0000008867600000)]
  0x00000088661e6000 JavaThread "C2 CompilerThread0" daemon [_thread_blocked, id=7692, stack(0x0000008867600000,0x0000008867700000)]
  0x00000088661ee800 JavaThread "C1 CompilerThread0" daemon [_thread_blocked, id=7696, stack(0x0000008867700000,0x0000008867800000)]
  0x00000088661f7000 JavaThread "Sweeper thread" daemon [_thread_blocked, id=7700, stack(0x0000008867800000,0x0000008867900000)]
  0x00000088671a6000 JavaThread "Common-Cleaner" daemon [_thread_blocked, id=7704, stack(0x0000008867900000,0x0000008867a00000)]
  0x00000088672b0800 JavaThread "JDWP Transport Listener: dt_socket" daemon [_thread_blocked, id=7712, stack(0x0000008867ce0000,0x0000008867de0000)]
  0x000000886728f800 JavaThread "JDWP Event Helper Thread" daemon [_thread_blocked, id=7724, stack(0x0000008867de0000,0x0000008867ee0000)]
  0x0000008867290000 JavaThread "JDWP Command Reader" daemon [_thread_in_native, id=7728, stack(0x0000008867ee0000,0x0000008867fe0000)]
  0x00000088680db000 JavaThread "Service Thread" daemon [_thread_blocked, id=7736, stack(0x00000088688e0000,0x00000088689e0000)]

Other Threads:
  0x0000008866199000 VMThread "VM Thread" [stack: 0x0000008866a00000,0x0000008866b00000] [id=7672]
  0x000000886807e800 WatcherThread [stack: 0x00000088689e0000,0x0000008868ae0000] [id=7740]
  0x0000008848a6a800 GCTaskThread "GC Thread#0" [stack: 0x0000008848420000,0x0000008848520000] [id=7652]
  0x0000008848a93000 ConcurrentGCThread "G1 Main Marker" [stack: 0x00000088637c0000,0x00000088638c0000] [id=7656]
  0x0000008848a98800 ConcurrentGCThread "G1 Conc#0" [stack: 0x00000088638c0000,0x00000088639c0000] [id=7660]
  0x0000008848aff800 ConcurrentGCThread "G1 Refine#0" [stack: 0x0000008865e00000,0x0000008865f00000] [id=7664]
  0x0000008848b00800 ConcurrentGCThread "G1 Young RemSet Sampling" [stack: 0x0000008865f00000,0x0000008866000000] [id=7668]

Threads with active compile tasks:

VM state:not at safepoint (normal execution)

VM Mutex/Monitor currently owned by a thread: None

Heap address: 0x00000000a2c00000, size: 1492 MB, Compressed Oops mode: 32-bit
Narrow klass base: 0x0000000000000000, Narrow klass shift: 3
Compressed class space size: 1073741824 Address: 0x0000000100000000

Heap:
 garbage-first heap   total 96256K, used 3072K [0x00000000a2c00000, 0x0000000100000000)
  region size 1024K, 5 young (5120K), 0 survivors (0K)
 Metaspace       used 8926K, capacity 8994K, committed 9088K, reserved 1056768K
  class space    used 779K, capacity 802K, committed 896K, reserved 1048576K
Heap Regions: E=young(eden), S=young(survivor), O=old, HS=humongous(starts), HC=humongous(continues), CS=collection set, F=free, A=archive, TAMS=top-at-mark-start (previous, next)
|   0|0x00000000a2c00000, 0x00000000a2c00000, 0x00000000a2d00000|  0%| F|  |TAMS 0x00000000a2c00000, 0x00000000a2c00000| Untracked 
|   1|0x00000000a2d00000, 0x00000000a2d00000, 0x00000000a2e00000|  0%| F|  |TAMS 0x00000000a2d00000, 0x00000000a2d00000| Untracked 
|   2|0x00000000a2e00000, 0x00000000a2e00000, 0x00000000a2f00000|  0%| F|  |TAMS 0x00000000a2e00000, 0x00000000a2e00000| Untracked 
|   3|0x00000000a2f00000, 0x00000000a2f00000, 0x00000000a3000000|  0%| F|  |TAMS 0x00000000a2f00000, 0x00000000a2f00000| Untracked 
|   4|0x00000000a3000000, 0x00000000a3000000, 0x00000000a3100000|  0%| F|  |TAMS 0x00000000a3000000, 0x00000000a3000000| Untracked 
|   5|0x00000000a3100000, 0x00000000a3100000, 0x00000000a3200000|  0%| F|  |TAMS 0x00000000a3100000, 0x00000000a3100000| Untracked 
|   6|0x00000000a3200000, 0x00000000a3200000, 0x00000000a3300000|  0%| F|  |TAMS 0x00000000a3200000, 0x00000000a3200000| Untracked 
|   7|0x00000000a3300000, 0x00000000a3300000, 0x00000000a3400000|  0%| F|  |TAMS 0x00000000a3300000, 0x00000000a3300000| Untracked 
|   8|0x00000000a3400000, 0x00000000a3400000, 0x00000000a3500000|  0%| F|  |TAMS 0x00000000a3400000, 0x00000000a3400000| Untracked 
|   9|0x00000000a3500000, 0x00000000a3500000, 0x00000000a3600000|  0%| F|  |TAMS 0x00000000a3500000, 0x00000000a3500000| Untracked 
|  10|0x00000000a3600000, 0x00000000a3600000, 0x00000000a3700000|  0%| F|  |TAMS 0x00000000a3600000, 0x00000000a3600000| Untracked 
|  11|0x00000000a3700000, 0x00000000a3700000, 0x00000000a3800000|  0%| F|  |TAMS 0x00000000a3700000, 0x00000000a3700000| Untracked 
|  12|0x00000000a3800000, 0x00000000a3800000, 0x00000000a3900000|  0%| F|  |TAMS 0x00000000a3800000, 0x00000000a3800000| Untracked 
|  13|0x00000000a3900000, 0x00000000a3900000, 0x00000000a3a00000|  0%| F|  |TAMS 0x00000000a3900000, 0x00000000a3900000| Untracked 
|  14|0x00000000a3a00000, 0x00000000a3a00000, 0x00000000a3b00000|  0%| F|  |TAMS 0x00000000a3a00000, 0x00000000a3a00000| Untracked 
|  15|0x00000000a3b00000, 0x00000000a3b00000, 0x00000000a3c00000|  0%| F|  |TAMS 0x00000000a3b00000, 0x00000000a3b00000| Untracked 
|  16|0x00000000a3c00000, 0x00000000a3c00000, 0x00000000a3d00000|  0%| F|  |TAMS 0x00000000a3c00000, 0x00000000a3c00000| Untracked 
|  17|0x00000000a3d00000, 0x00000000a3d00000, 0x00000000a3e00000|  0%| F|  |TAMS 0x00000000a3d00000, 0x00000000a3d00000| Untracked 
|  18|0x00000000a3e00000, 0x00000000a3e00000, 0x00000000a3f00000|  0%| F|  |TAMS 0x00000000a3e00000, 0x00000000a3e00000| Untracked 
|  19|0x00000000a3f00000, 0x00000000a3f00000, 0x00000000a4000000|  0%| F|  |TAMS 0x00000000a3f00000, 0x00000000a3f00000| Untracked 
|  20|0x00000000a4000000, 0x00000000a4000000, 0x00000000a4100000|  0%| F|  |TAMS 0x00000000a4000000, 0x00000000a4000000| Untracked 
|  21|0x00000000a4100000, 0x00000000a4100000, 0x00000000a4200000|  0%| F|  |TAMS 0x00000000a4100000, 0x00000000a4100000| Untracked 
|  22|0x00000000a4200000, 0x00000000a4200000, 0x00000000a4300000|  0%| F|  |TAMS 0x00000000a4200000, 0x00000000a4200000| Untracked 
|  23|0x00000000a4300000, 0x00000000a4300000, 0x00000000a4400000|  0%| F|  |TAMS 0x00000000a4300000, 0x00000000a4300000| Untracked 
|  24|0x00000000a4400000, 0x00000000a4400000, 0x00000000a4500000|  0%| F|  |TAMS 0x00000000a4400000, 0x00000000a4400000| Untracked 
|  25|0x00000000a4500000, 0x00000000a4500000, 0x00000000a4600000|  0%| F|  |TAMS 0x00000000a4500000, 0x00000000a4500000| Untracked 
|  26|0x00000000a4600000, 0x00000000a4600000, 0x00000000a4700000|  0%| F|  |TAMS 0x00000000a4600000, 0x00000000a4600000| Untracked 
|  27|0x00000000a4700000, 0x00000000a4700000, 0x00000000a4800000|  0%| F|  |TAMS 0x00000000a4700000, 0x00000000a4700000| Untracked 
|  28|0x00000000a4800000, 0x00000000a4800000, 0x00000000a4900000|  0%| F|  |TAMS 0x00000000a4800000, 0x00000000a4800000| Untracked 
|  29|0x00000000a4900000, 0x00000000a4900000, 0x00000000a4a00000|  0%| F|  |TAMS 0x00000000a4900000, 0x00000000a4900000| Untracked 
|  30|0x00000000a4a00000, 0x00000000a4a00000, 0x00000000a4b00000|  0%| F|  |TAMS 0x00000000a4a00000, 0x00000000a4a00000| Untracked 
|  31|0x00000000a4b00000, 0x00000000a4b00000, 0x00000000a4c00000|  0%| F|  |TAMS 0x00000000a4b00000, 0x00000000a4b00000| Untracked 
|  32|0x00000000a4c00000, 0x00000000a4c00000, 0x00000000a4d00000|  0%| F|  |TAMS 0x00000000a4c00000, 0x00000000a4c00000| Untracked 
|  33|0x00000000a4d00000, 0x00000000a4d00000, 0x00000000a4e00000|  0%| F|  |TAMS 0x00000000a4d00000, 0x00000000a4d00000| Untracked 
|  34|0x00000000a4e00000, 0x00000000a4e00000, 0x00000000a4f00000|  0%| F|  |TAMS 0x00000000a4e00000, 0x00000000a4e00000| Untracked 
|  35|0x00000000a4f00000, 0x00000000a4f00000, 0x00000000a5000000|  0%| F|  |TAMS 0x00000000a4f00000, 0x00000000a4f00000| Untracked 
|  36|0x00000000a5000000, 0x00000000a5000000, 0x00000000a5100000|  0%| F|  |TAMS 0x00000000a5000000, 0x00000000a5000000| Untracked 
|  37|0x00000000a5100000, 0x00000000a5100000, 0x00000000a5200000|  0%| F|  |TAMS 0x00000000a5100000, 0x00000000a5100000| Untracked 
|  38|0x00000000a5200000, 0x00000000a5200000, 0x00000000a5300000|  0%| F|  |TAMS 0x00000000a5200000, 0x00000000a5200000| Untracked 
|  39|0x00000000a5300000, 0x00000000a5300000, 0x00000000a5400000|  0%| F|  |TAMS 0x00000000a5300000, 0x00000000a5300000| Untracked 
|  40|0x00000000a5400000, 0x00000000a5400000, 0x00000000a5500000|  0%| F|  |TAMS 0x00000000a5400000, 0x00000000a5400000| Untracked 
|  41|0x00000000a5500000, 0x00000000a5500000, 0x00000000a5600000|  0%| F|  |TAMS 0x00000000a5500000, 0x00000000a5500000| Untracked 
|  42|0x00000000a5600000, 0x00000000a5600000, 0x00000000a5700000|  0%| F|  |TAMS 0x00000000a5600000, 0x00000000a5600000| Untracked 
|  43|0x00000000a5700000, 0x00000000a5700000, 0x00000000a5800000|  0%| F|  |TAMS 0x00000000a5700000, 0x00000000a5700000| Untracked 
|  44|0x00000000a5800000, 0x00000000a5800000, 0x00000000a5900000|  0%| F|  |TAMS 0x00000000a5800000, 0x00000000a5800000| Untracked 
|  45|0x00000000a5900000, 0x00000000a5900000, 0x00000000a5a00000|  0%| F|  |TAMS 0x00000000a5900000, 0x00000000a5900000| Untracked 
|  46|0x00000000a5a00000, 0x00000000a5a00000, 0x00000000a5b00000|  0%| F|  |TAMS 0x00000000a5a00000, 0x00000000a5a00000| Untracked 
|  47|0x00000000a5b00000, 0x00000000a5b00000, 0x00000000a5c00000|  0%| F|  |TAMS 0x00000000a5b00000, 0x00000000a5b00000| Untracked 
|  48|0x00000000a5c00000, 0x00000000a5c00000, 0x00000000a5d00000|  0%| F|  |TAMS 0x00000000a5c00000, 0x00000000a5c00000| Untracked 
|  49|0x00000000a5d00000, 0x00000000a5d00000, 0x00000000a5e00000|  0%| F|  |TAMS 0x00000000a5d00000, 0x00000000a5d00000| Untracked 
|  50|0x00000000a5e00000, 0x00000000a5e00000, 0x00000000a5f00000|  0%| F|  |TAMS 0x00000000a5e00000, 0x00000000a5e00000| Untracked 
|  51|0x00000000a5f00000, 0x00000000a5f00000, 0x00000000a6000000|  0%| F|  |TAMS 0x00000000a5f00000, 0x00000000a5f00000| Untracked 
|  52|0x00000000a6000000, 0x00000000a6000000, 0x00000000a6100000|  0%| F|  |TAMS 0x00000000a6000000, 0x00000000a6000000| Untracked 
|  53|0x00000000a6100000, 0x00000000a6100000, 0x00000000a6200000|  0%| F|  |TAMS 0x00000000a6100000, 0x00000000a6100000| Untracked 
|  54|0x00000000a6200000, 0x00000000a6200000, 0x00000000a6300000|  0%| F|  |TAMS 0x00000000a6200000, 0x00000000a6200000| Untracked 
|  55|0x00000000a6300000, 0x00000000a6300000, 0x00000000a6400000|  0%| F|  |TAMS 0x00000000a6300000, 0x00000000a6300000| Untracked 
|  56|0x00000000a6400000, 0x00000000a6400000, 0x00000000a6500000|  0%| F|  |TAMS 0x00000000a6400000, 0x00000000a6400000| Untracked 
|  57|0x00000000a6500000, 0x00000000a6500000, 0x00000000a6600000|  0%| F|  |TAMS 0x00000000a6500000, 0x00000000a6500000| Untracked 
|  58|0x00000000a6600000, 0x00000000a6600000, 0x00000000a6700000|  0%| F|  |TAMS 0x00000000a6600000, 0x00000000a6600000| Untracked 
|  59|0x00000000a6700000, 0x00000000a6700000, 0x00000000a6800000|  0%| F|  |TAMS 0x00000000a6700000, 0x00000000a6700000| Untracked 
|  60|0x00000000a6800000, 0x00000000a6800000, 0x00000000a6900000|  0%| F|  |TAMS 0x00000000a6800000, 0x00000000a6800000| Untracked 
|  61|0x00000000a6900000, 0x00000000a6900000, 0x00000000a6a00000|  0%| F|  |TAMS 0x00000000a6900000, 0x00000000a6900000| Untracked 
|  62|0x00000000a6a00000, 0x00000000a6a00000, 0x00000000a6b00000|  0%| F|  |TAMS 0x00000000a6a00000, 0x00000000a6a00000| Untracked 
|  63|0x00000000a6b00000, 0x00000000a6b00000, 0x00000000a6c00000|  0%| F|  |TAMS 0x00000000a6b00000, 0x00000000a6b00000| Untracked 
|  64|0x00000000a6c00000, 0x00000000a6c00000, 0x00000000a6d00000|  0%| F|  |TAMS 0x00000000a6c00000, 0x00000000a6c00000| Untracked 
|  65|0x00000000a6d00000, 0x00000000a6d00000, 0x00000000a6e00000|  0%| F|  |TAMS 0x00000000a6d00000, 0x00000000a6d00000| Untracked 
|  66|0x00000000a6e00000, 0x00000000a6e00000, 0x00000000a6f00000|  0%| F|  |TAMS 0x00000000a6e00000, 0x00000000a6e00000| Untracked 
|  67|0x00000000a6f00000, 0x00000000a6f00000, 0x00000000a7000000|  0%| F|  |TAMS 0x00000000a6f00000, 0x00000000a6f00000| Untracked 
|  68|0x00000000a7000000, 0x00000000a7000000, 0x00000000a7100000|  0%| F|  |TAMS 0x00000000a7000000, 0x00000000a7000000| Untracked 
|  69|0x00000000a7100000, 0x00000000a7100000, 0x00000000a7200000|  0%| F|  |TAMS 0x00000000a7100000, 0x00000000a7100000| Untracked 
|  70|0x00000000a7200000, 0x00000000a7200000, 0x00000000a7300000|  0%| F|  |TAMS 0x00000000a7200000, 0x00000000a7200000| Untracked 
|  71|0x00000000a7300000, 0x00000000a7300000, 0x00000000a7400000|  0%| F|  |TAMS 0x00000000a7300000, 0x00000000a7300000| Untracked 
|  72|0x00000000a7400000, 0x00000000a7400000, 0x00000000a7500000|  0%| F|  |TAMS 0x00000000a7400000, 0x00000000a7400000| Untracked 
|  73|0x00000000a7500000, 0x00000000a7500000, 0x00000000a7600000|  0%| F|  |TAMS 0x00000000a7500000, 0x00000000a7500000| Untracked 
|  74|0x00000000a7600000, 0x00000000a7600000, 0x00000000a7700000|  0%| F|  |TAMS 0x00000000a7600000, 0x00000000a7600000| Untracked 
|  75|0x00000000a7700000, 0x00000000a7700000, 0x00000000a7800000|  0%| F|  |TAMS 0x00000000a7700000, 0x00000000a7700000| Untracked 
|  76|0x00000000a7800000, 0x00000000a7800000, 0x00000000a7900000|  0%| F|  |TAMS 0x00000000a7800000, 0x00000000a7800000| Untracked 
|  77|0x00000000a7900000, 0x00000000a7900000, 0x00000000a7a00000|  0%| F|  |TAMS 0x00000000a7900000, 0x00000000a7900000| Untracked 
|  78|0x00000000a7a00000, 0x00000000a7a00000, 0x00000000a7b00000|  0%| F|  |TAMS 0x00000000a7a00000, 0x00000000a7a00000| Untracked 
|  79|0x00000000a7b00000, 0x00000000a7b00000, 0x00000000a7c00000|  0%| F|  |TAMS 0x00000000a7b00000, 0x00000000a7b00000| Untracked 
|  80|0x00000000a7c00000, 0x00000000a7c00000, 0x00000000a7d00000|  0%| F|  |TAMS 0x00000000a7c00000, 0x00000000a7c00000| Untracked 
|  81|0x00000000a7d00000, 0x00000000a7d00000, 0x00000000a7e00000|  0%| F|  |TAMS 0x00000000a7d00000, 0x00000000a7d00000| Untracked 
|  82|0x00000000a7e00000, 0x00000000a7e00000, 0x00000000a7f00000|  0%| F|  |TAMS 0x00000000a7e00000, 0x00000000a7e00000| Untracked 
|  83|0x00000000a7f00000, 0x00000000a7f00000, 0x00000000a8000000|  0%| F|  |TAMS 0x00000000a7f00000, 0x00000000a7f00000| Untracked 
|  84|0x00000000a8000000, 0x00000000a8000000, 0x00000000a8100000|  0%| F|  |TAMS 0x00000000a8000000, 0x00000000a8000000| Untracked 
|  85|0x00000000a8100000, 0x00000000a8100000, 0x00000000a8200000|  0%| F|  |TAMS 0x00000000a8100000, 0x00000000a8100000| Untracked 
|  86|0x00000000a8200000, 0x00000000a8200000, 0x00000000a8300000|  0%| F|  |TAMS 0x00000000a8200000, 0x00000000a8200000| Untracked 
|  87|0x00000000a8300000, 0x00000000a8300000, 0x00000000a8400000|  0%| F|  |TAMS 0x00000000a8300000, 0x00000000a8300000| Untracked 
|  88|0x00000000a8400000, 0x00000000a8400000, 0x00000000a8500000|  0%| F|  |TAMS 0x00000000a8400000, 0x00000000a8400000| Untracked 
|  89|0x00000000a8500000, 0x00000000a85eb7a0, 0x00000000a8600000| 91%| E|  |TAMS 0x00000000a8500000, 0x00000000a8500000| Complete 
|  90|0x00000000a8600000, 0x00000000a8700000, 0x00000000a8700000|100%| E|  |TAMS 0x00000000a8600000, 0x00000000a8600000| Complete 
|  91|0x00000000a8700000, 0x00000000a8800000, 0x00000000a8800000|100%| E|CS|TAMS 0x00000000a8700000, 0x00000000a8700000| Complete 
|  92|0x00000000a8800000, 0x00000000a8900000, 0x00000000a8900000|100%| E|CS|TAMS 0x00000000a8800000, 0x00000000a8800000| Complete 
|  93|0x00000000a8900000, 0x00000000a8a00000, 0x00000000a8a00000|100%| E|CS|TAMS 0x00000000a8900000, 0x00000000a8900000| Complete 

Card table byte_map: [0x0000008860340000,0x0000008860630000] _byte_map_base: 0x000000885fe2a000

Marking Bits (Prev, Next): (CMBitMap*) 0x0000008848a8c828, (CMBitMap*) 0x0000008848a8c860
 Prev Bits: [0x0000008860920000, 0x0000008862070000)
 Next Bits: [0x0000008862070000, 0x00000088637c0000)

Polling page: 0x0000008848210000

Metaspace:

Usage:
  Non-class:      8.00 MB capacity,     7.96 MB (>99%) used,    38.06 KB ( <1%) free+waste,     6.50 KB ( <1%) overhead. 
      Class:    802.00 KB capacity,   779.41 KB ( 97%) used,    20.16 KB (  3%) free+waste,     2.44 KB ( <1%) overhead. 
       Both:      8.78 MB capacity,     8.72 MB (>99%) used,    58.22 KB ( <1%) free+waste,     8.94 KB ( <1%) overhead. 

Virtual space:
  Non-class space:        8.00 MB reserved,       8.00 MB (100%) committed 
      Class space:        1.00 GB reserved,     896.00 KB ( <1%) committed 
             Both:        1.01 GB reserved,       8.88 MB ( <1%) committed 

Chunk freelists:
   Non-Class:  0 bytes
       Class:  30.00 KB
        Both:  30.00 KB

CodeHeap 'non-profiled nmethods': size=120064Kb used=115Kb max_used=115Kb free=119949Kb
 bounds [0x0000008858b10000, 0x0000008858d80000, 0x0000008860050000]
CodeHeap 'profiled nmethods': size=120000Kb used=584Kb max_used=584Kb free=119415Kb
 bounds [0x00000088515e0000, 0x0000008851850000, 0x0000008858b10000]
CodeHeap 'non-nmethods': size=5696Kb used=1147Kb max_used=1158Kb free=4548Kb
 bounds [0x0000008851050000, 0x00000088512c0000, 0x00000088515e0000]
 total_blobs=877 nmethods=406 adapters=278
 compilation: enabled
              stopped_count=0, restarted_count=0
 full_count=0

Compilation events (10 events):
Event: 120.239 Thread 0x00000088661e6000 nmethod 400 0x0000008858b2c890 code [0x0000008858b2ca20, 0x0000008858b2cb38]
Event: 120.240 Thread 0x00000088661ee800 nmethod 401 0x000000885166f310 code [0x000000885166f4e0, 0x000000885166f6d0]
Event: 128.951 Thread 0x00000088661ee800  403       3       org.eclipse.jdt.launching.internal.org.objectweb.asm.SymbolTable::put (150 bytes)
Event: 128.953 Thread 0x00000088661ee800 nmethod 403 0x000000885166f790 code [0x000000885166f9a0, 0x0000008851670258]
Event: 132.653 Thread 0x00000088661ee800  404       3       org.eclipse.jdt.launching.internal.org.objectweb.asm.ClassReader::readUTF8 (23 bytes)
Event: 132.653 Thread 0x00000088661ee800 nmethod 404 0x0000008851670590 code [0x0000008851670760, 0x0000008851670a70]
Event: 132.653 Thread 0x00000088661ee800  405       3       org.eclipse.jdt.launching.internal.org.objectweb.asm.ClassReader::readUtf (44 bytes)
Event: 132.656 Thread 0x00000088661ee800 nmethod 405 0x0000008851670c10 code [0x0000008851670e00, 0x00000088516712f0]
Event: 132.656 Thread 0x00000088661ee800  406       3       org.eclipse.jdt.launching.internal.org.objectweb.asm.SymbolTable::addConstantUtf8 (98 bytes)
Event: 132.657 Thread 0x00000088661ee800 nmethod 406 0x0000008851671590 code [0x00000088516717e0, 0x0000008851671ee0]

GC Heap History (0 events):
No events

Deoptimization events (10 events):
Event: 0.380 Thread 0x0000008848a52800 DEOPT PACKING pc=0x0000008851651a01 sp=0x000000884820a9b0
Event: 0.380 Thread 0x0000008848a52800 DEOPT UNPACKING pc=0x000000885108d3ce sp=0x0000008848209e78 mode 0
Event: 0.381 Thread 0x0000008848a52800 DEOPT PACKING pc=0x0000008851651a01 sp=0x000000884820a9b0
Event: 0.381 Thread 0x0000008848a52800 DEOPT UNPACKING pc=0x000000885108d3ce sp=0x0000008848209e78 mode 0
Event: 0.382 Thread 0x0000008848a52800 DEOPT PACKING pc=0x0000008851651a01 sp=0x000000884820a9b0
Event: 0.382 Thread 0x0000008848a52800 DEOPT UNPACKING pc=0x000000885108d3ce sp=0x0000008848209e78 mode 0
Event: 0.384 Thread 0x0000008848a52800 DEOPT PACKING pc=0x0000008851651a01 sp=0x000000884820bc90
Event: 0.384 Thread 0x0000008848a52800 DEOPT UNPACKING pc=0x000000885108d3ce sp=0x000000884820b158 mode 0
Event: 0.384 Thread 0x0000008848a52800 DEOPT PACKING pc=0x0000008851651a01 sp=0x000000884820bc90
Event: 0.385 Thread 0x0000008848a52800 DEOPT UNPACKING pc=0x000000885108d3ce sp=0x000000884820b158 mode 0

Classes redefined (10 events):
Event: 52.494 Thread 0x0000008866199000 redefined class name=db.Teste, count=3
Event: 81.820 Thread 0x0000008866199000 redefined class name=db.Teste, count=4
Event: 95.624 Thread 0x0000008866199000 redefined class name=db.Teste, count=5
Event: 120.239 Thread 0x0000008866199000 redefined class name=db.Teste, count=6
Event: 128.952 Thread 0x0000008866199000 redefined class name=db.Teste, count=7
Event: 132.655 Thread 0x0000008866199000 redefined class name=db.Teste, count=8
Event: 187.521 Thread 0x0000008866199000 redefined class name=db.Teste, count=9
Event: 198.535 Thread 0x0000008866199000 redefined class name=db.Teste, count=10
Event: 201.941 Thread 0x0000008866199000 redefined class name=db.Teste, count=11
Event: 228.419 Thread 0x0000008866199000 redefined class name=db.Teste, count=12

Internal exceptions (0 events):
No events

Events (10 events):
Event: 1013.083 Executing VM operation: SetFramePop
Event: 1013.083 Executing VM operation: SetFramePop done
Event: 1013.083 Executing VM operation: GetFrameLocation
Event: 1013.083 Executing VM operation: GetFrameLocation done
Event: 1013.083 Executing VM operation: GetCurrentLocation
Event: 1013.083 Executing VM operation: GetCurrentLocation done
Event: 1013.083 Executing VM operation: ChangeSingleStep
Event: 1013.083 Executing VM operation: ChangeSingleStep done
Event: 1013.084 Executing VM operation: GetFrameLocation
Event: 1013.084 Executing VM operation: GetFrameLocation done


Dynamic libraries:
0x00007ff6d9760000 - 0x00007ff6d97aa000 	C:\Program Files\AdoptOpenJDK\jdk-11.0.4.11-hotspot\bin\javaw.exe
0x00007ffd475f0000 - 0x00007ffd4779c000 	C:\Windows\SYSTEM32\ntdll.dll
0x00007ffd474a0000 - 0x00007ffd475de000 	C:\Windows\system32\KERNEL32.DLL
0x00007ffd44aa0000 - 0x00007ffd44bb5000 	C:\Windows\system32\KERNELBASE.dll
0x00007ffd450a0000 - 0x00007ffd45217000 	C:\Windows\system32\USER32.dll
0x00007ffd417f0000 - 0x00007ffd41a6b000 	C:\Windows\WinSxS\amd64_microsoft.windows.common-controls_6595b64144ccf1df_6.0.9600.17415_none_6240486fecbd8abb\COMCTL32.dll
0x00007ffd453d0000 - 0x00007ffd45521000 	C:\Windows\system32\GDI32.dll
0x00007ffd473f0000 - 0x00007ffd4749a000 	C:\Windows\system32\msvcrt.dll
0x00007ffd47100000 - 0x00007ffd47136000 	C:\Windows\system32\IMM32.DLL
0x00007ffd47270000 - 0x00007ffd473c3000 	C:\Windows\system32\MSCTF.dll
0x00007ffd34450000 - 0x00007ffd34466000 	C:\Program Files\AdoptOpenJDK\jdk-11.0.4.11-hotspot\bin\vcruntime140.dll
0x00007ffd40fd0000 - 0x00007ffd40fd4000 	C:\Program Files\AdoptOpenJDK\jdk-11.0.4.11-hotspot\bin\api-ms-win-crt-runtime-l1-1-0.dll
0x00007ffd40d10000 - 0x00007ffd40d14000 	C:\Program Files\AdoptOpenJDK\jdk-11.0.4.11-hotspot\bin\api-ms-win-crt-string-l1-1-0.dll
0x00007ffd40be0000 - 0x00007ffd40be3000 	C:\Program Files\AdoptOpenJDK\jdk-11.0.4.11-hotspot\bin\api-ms-win-crt-heap-l1-1-0.dll
0x00007ffd33880000 - 0x00007ffd33884000 	C:\Program Files\AdoptOpenJDK\jdk-11.0.4.11-hotspot\bin\api-ms-win-crt-stdio-l1-1-0.dll
0x00007ffd33870000 - 0x00007ffd33874000 	C:\Program Files\AdoptOpenJDK\jdk-11.0.4.11-hotspot\bin\api-ms-win-crt-convert-l1-1-0.dll
0x00007ffd29230000 - 0x00007ffd2932a000 	C:\Program Files\AdoptOpenJDK\jdk-11.0.4.11-hotspot\bin\ucrtbase.DLL
0x00007ffd29190000 - 0x00007ffd2922b000 	C:\Program Files\AdoptOpenJDK\jdk-11.0.4.11-hotspot\bin\msvcp140.dll
0x00007ffd33860000 - 0x00007ffd33863000 	C:\Program Files\AdoptOpenJDK\jdk-11.0.4.11-hotspot\bin\api-ms-win-crt-locale-l1-1-0.dll
0x00007ffd332a0000 - 0x00007ffd332a5000 	C:\Program Files\AdoptOpenJDK\jdk-11.0.4.11-hotspot\bin\api-ms-win-crt-math-l1-1-0.dll
0x00007ffd33290000 - 0x00007ffd33293000 	C:\Program Files\AdoptOpenJDK\jdk-11.0.4.11-hotspot\bin\api-ms-win-crt-time-l1-1-0.dll
0x00007ffd33280000 - 0x00007ffd33283000 	C:\Program Files\AdoptOpenJDK\jdk-11.0.4.11-hotspot\bin\api-ms-win-crt-filesystem-l1-1-0.dll
0x00007ffd33270000 - 0x00007ffd33273000 	C:\Program Files\AdoptOpenJDK\jdk-11.0.4.11-hotspot\bin\api-ms-win-crt-environment-l1-1-0.dll
0x00007ffd33260000 - 0x00007ffd33263000 	C:\Program Files\AdoptOpenJDK\jdk-11.0.4.11-hotspot\bin\api-ms-win-crt-utility-l1-1-0.dll
0x00007ffd18d40000 - 0x00007ffd197f6000 	C:\Program Files\AdoptOpenJDK\jdk-11.0.4.11-hotspot\bin\server\jvm.dll
0x00007ffd45610000 - 0x00007ffd456ba000 	C:\Windows\system32\ADVAPI32.dll
0x00007ffd27940000 - 0x00007ffd27949000 	C:\Windows\SYSTEM32\WSOCK32.dll
0x00007ffd36bf0000 - 0x00007ffd36c12000 	C:\Windows\SYSTEM32\WINMM.dll
0x00007ffd3da60000 - 0x00007ffd3da6a000 	C:\Windows\SYSTEM32\VERSION.dll
0x00007ffd473d0000 - 0x00007ffd473d7000 	C:\Windows\system32\PSAPI.DLL
0x00007ffd47140000 - 0x00007ffd47199000 	C:\Windows\SYSTEM32\sechost.dll
0x00007ffd45780000 - 0x00007ffd458c1000 	C:\Windows\system32\RPCRT4.dll
0x00007ffd46e50000 - 0x00007ffd46eaa000 	C:\Windows\system32\WS2_32.dll
0x00007ffd36260000 - 0x00007ffd3628a000 	C:\Windows\SYSTEM32\WINMMBASE.dll
0x00007ffd45090000 - 0x00007ffd45099000 	C:\Windows\system32\NSI.dll
0x00007ffd44a50000 - 0x00007ffd44a9f000 	C:\Windows\SYSTEM32\cfgmgr32.dll
0x00007ffd43560000 - 0x00007ffd43588000 	C:\Windows\SYSTEM32\DEVOBJ.dll
0x00007ffd2ecf0000 - 0x00007ffd2ed00000 	C:\Program Files\AdoptOpenJDK\jdk-11.0.4.11-hotspot\bin\verify.dll
0x00007ffd29720000 - 0x00007ffd298aa000 	C:\Windows\SYSTEM32\DBGHELP.DLL
0x00007ffd2d1d0000 - 0x00007ffd2d1f8000 	C:\Program Files\AdoptOpenJDK\jdk-11.0.4.11-hotspot\bin\java.dll
0x00007ffd32e30000 - 0x00007ffd32e68000 	C:\Program Files\AdoptOpenJDK\jdk-11.0.4.11-hotspot\bin\jdwp.dll
0x00007ffd2e6b0000 - 0x00007ffd2e6e3000 	C:\Program Files\AdoptOpenJDK\jdk-11.0.4.11-hotspot\bin\instrument.dll
0x00007ffd2e270000 - 0x00007ffd2e286000 	C:\Program Files\AdoptOpenJDK\jdk-11.0.4.11-hotspot\bin\zip.dll
0x00007ffd2ece0000 - 0x00007ffd2ecea000 	C:\Program Files\AdoptOpenJDK\jdk-11.0.4.11-hotspot\bin\jimage.dll
0x00007ffd458d0000 - 0x00007ffd46de9000 	C:\Windows\system32\SHELL32.dll
0x00007ffd44c70000 - 0x00007ffd44e81000 	C:\Windows\SYSTEM32\combase.dll
0x00007ffd46df0000 - 0x00007ffd46e44000 	C:\Windows\system32\SHLWAPI.dll
0x00007ffd42cb0000 - 0x00007ffd42d62000 	C:\Windows\SYSTEM32\SHCORE.dll
0x00007ffd44740000 - 0x00007ffd44755000 	C:\Windows\SYSTEM32\profapi.dll
0x00007ffd33250000 - 0x00007ffd3325a000 	C:\Program Files\AdoptOpenJDK\jdk-11.0.4.11-hotspot\bin\dt_socket.dll
0x00007ffd43f10000 - 0x00007ffd43f69000 	C:\Windows\System32\mswsock.dll
0x00007ffd43d10000 - 0x00007ffd43db4000 	C:\Windows\SYSTEM32\DNSAPI.dll
0x00007ffd3f330000 - 0x00007ffd3f39b000 	C:\Windows\System32\fwpuclnt.dll
0x00007ffd38320000 - 0x00007ffd3832a000 	C:\Windows\System32\rasadhlp.dll
0x00007ffd2d1b0000 - 0x00007ffd2d1c9000 	C:\Program Files\AdoptOpenJDK\jdk-11.0.4.11-hotspot\bin\net.dll
0x00007ffd38930000 - 0x00007ffd389f9000 	C:\Windows\SYSTEM32\WINHTTP.dll
0x00007ffd3b2e0000 - 0x00007ffd3b466000 	C:\Windows\SYSTEM32\urlmon.dll
0x00007ffd44ef0000 - 0x00007ffd45084000 	C:\Windows\system32\ole32.dll
0x00007ffd3b010000 - 0x00007ffd3b2d7000 	C:\Windows\SYSTEM32\iertutil.dll
0x00007ffd3a000000 - 0x00007ffd3a24b000 	C:\Windows\SYSTEM32\WININET.dll
0x00007ffd43ca0000 - 0x00007ffd43cc1000 	C:\Windows\SYSTEM32\USERENV.dll
0x00007ffd2cc50000 - 0x00007ffd2cc62000 	C:\Program Files\AdoptOpenJDK\jdk-11.0.4.11-hotspot\bin\nio.dll

dbghelp: loaded successfully - version: 4.0.5 - missing functions: none
symbol engine: initialized successfully - sym options: 0x614 - pdb path: .;C:\Program Files\AdoptOpenJDK\jdk-11.0.4.11-hotspot\bin;C:\Windows\SYSTEM32;C:\Windows\WinSxS\amd64_microsoft.windows.common-controls_6595b64144ccf1df_6.0.9600.17415_none_6240486fecbd8abb;C:\Program Files\AdoptOpenJDK\jdk-11.0.4.11-hotspot\bin\server

VM Arguments:
jvm_args: -agentlib:jdwp=transport=dt_socket,suspend=y,address=localhost:59238 -javaagent:C:\Users\Thiago\eclipse\java-2019-06\eclipse\configuration\org.eclipse.osgi\226\0\.cp\lib\javaagent-shaded.jar -Dfile.encoding=Cp1252 
java_command: db.Teste
java_class_path (initial): C:\Users\Thiago\eclipse-workspace\LaboratorioMatematica\bin;C:\Program Files (x86)\MySQL\Connector J 8.0\mysql-connector-java-8.0.18.jar
Launcher Type: SUN_STANDARD

[Global flags]
     intx CICompilerCount                          = 3                                         {product} {ergonomic}
     uint ConcGCThreads                            = 1                                         {product} {ergonomic}
     uint G1ConcRefinementThreads                  = 4                                         {product} {ergonomic}
   size_t G1HeapRegionSize                         = 1048576                                   {product} {ergonomic}
    uintx GCDrainStackTargetSize                   = 64                                        {product} {ergonomic}
   size_t InitialHeapSize                          = 98566144                                  {product} {ergonomic}
   size_t MarkStackSize                            = 4194304                                   {product} {ergonomic}
   size_t MaxHeapSize                              = 1564475392                                {product} {ergonomic}
   size_t MaxNewSize                               = 938475520                                 {product} {ergonomic}
   size_t MinHeapDeltaBytes                        = 1048576                                   {product} {ergonomic}
    uintx NonNMethodCodeHeapSize                   = 5830092                                {pd product} {ergonomic}
    uintx NonProfiledCodeHeapSize                  = 122914074                              {pd product} {ergonomic}
    uintx ProfiledCodeHeapSize                     = 122914074                              {pd product} {ergonomic}
    uintx ReservedCodeCacheSize                    = 251658240                              {pd product} {ergonomic}
     bool SegmentedCodeCache                       = true                                      {product} {ergonomic}
     bool UseCompressedClassPointers               = true                                 {lp64_product} {ergonomic}
     bool UseCompressedOops                        = true                                 {lp64_product} {ergonomic}
     bool UseG1GC                                  = true                                      {product} {ergonomic}
     bool UseLargePagesIndividualAllocation        = false                                  {pd product} {ergonomic}

Logging:
Log output configuration:
 #0: stdout all=warning uptime,level,tags
 #1: stderr all=off uptime,level,tags

Environment Variables:
PATH=C:/Program Files/AdoptOpenJDK/jdk-11.0.4.11-hotspot/bin/client;C:/Program Files/AdoptOpenJDK/jdk-11.0.4.11-hotspot/bin;C:\Program Files\AdoptOpenJDK\jdk-11.0.4.11-hotspot\bin;C:\Windows\system32;C:\Windows;C:\Windows\System32\Wbem;C:\Windows\System32\WindowsPowerShell\v1.0\;C:\Program Files\Microsoft VS Code\bin;C:\Program Files\MySQL\MySQL Shell 8.0\bin\;C:\Windows\System32;
USERNAME=Thiago
OS=Windows_NT
PROCESSOR_IDENTIFIER=Intel64 Family 6 Model 58 Stepping 9, GenuineIntel



---------------  S Y S T E M  ---------------

OS: Windows 8.1 , 64 bit Build 9600 (6.3.9600.17415)

CPU:total 4 (initial active 4) (2 cores per cpu, 2 threads per core) family 6 model 58 stepping 9, cmov, cx8, fxsr, mmx, sse, sse2, sse3, ssse3, sse4.1, sse4.2, popcnt, avx, aes, clmul, erms, ht, tsc, tscinvbit, tscinv

Memory: 4k page, system-wide physical 5962M (933M free)
TotalPageFile size 9181M (AvailPageFile size 1678M)
current process WorkingSet (physical memory assigned to process): 40M, peak: 41M
current process commit charge ("private bytes"): 167M, peak: 167M

vm_info: OpenJDK 64-Bit Server VM (11.0.4+11) for windows-amd64 JRE (11.0.4+11), built on Jul 18 2019 06:43:34 by "" with MS VC++ 15.8 (VS2017)

END.
